#-----------------------------------------------------------
# Vivado v2019.2 (64-bit)
# SW Build 2708876 on Wed Nov  6 21:40:23 MST 2019
# IP Build 2700528 on Thu Nov  7 00:09:20 MST 2019
# Start of session at: Sun Nov 17 13:07:05 2024
# Process ID: 19016
# Current directory: E:/MiniMIPS32/CPU
# Command line: vivado.exe -gui_launcher_event rodinguilauncherevent20100 E:\MiniMIPS32\CPU\MiniMIPS32.xpr
# Log file: E:/MiniMIPS32/CPU/vivado.log
# Journal file: E:/MiniMIPS32/CPU\vivado.jou
#-----------------------------------------------------------
start_gui
open_project E:/MiniMIPS32/CPU/MiniMIPS32.xpr
CRITICAL WARNING: [Project 1-19] Could not find the file 'E:/MiniMIPS32/TEMU/mips_sc/22arithlogic/arith_add/arithADD.coe'.
CRITICAL WARNING: [Project 1-19] Could not find the file 'c:/Users/admin/Desktop/fangcun inst/lb_inst.coe'.
CRITICAL WARNING: [Project 1-19] Could not find the file 'c:/Users/admin/Desktop/fangcun inst/lb_data.coe'.
CRITICAL WARNING: [Project 1-19] Could not find the file 'c:/Users/admin/Desktop/fangcun_inst/lb_inst.coe'.
CRITICAL WARNING: [Project 1-19] Could not find the file 'c:/Users/admin/Desktop/fangcun_inst/lb_data.coe'.
Scanning sources...
Finished scanning sources
INFO: [IP_Flow 19-234] Refreshing IP repositories
INFO: [IP_Flow 19-1704] No user IP repositories specified
INFO: [IP_Flow 19-2313] Loaded Vivado IP repository 'E:/vivado/Vivado/2019.2/data/ip'.
open_project: Time (s): cpu = 00:00:12 ; elapsed = 00:00:05 . Memory (MB): peak = 911.375 ; gain = 211.211
update_compile_order -fileset sources_1
WARNING: [IP_Flow 19-4067] Ignoring invalid widget type specified checkbox.Providing a default widget
WARNING: [IP_Flow 19-4067] Ignoring invalid widget type specified checkbox.Providing a default widget
INFO: [IP_Flow 19-3484] Absolute path of file 'e:/MiniMIPS32/TEMU/mips_sc/test/Stage1_testcase_1/stage1-test-1_data.coe' provided. It will be converted relative to IP Instance files '../../../../../TEMU/mips_sc/test/Stage1_testcase_1/stage1-test-1_data.coe'
set_property -dict [list CONFIG.Coe_File {E:/MiniMIPS32/TEMU/mips_sc/test/Stage1_testcase_1/stage1-test-1_data.coe}] [get_ips data_rom]
INFO: [IP_Flow 19-3484] Absolute path of file 'e:/MiniMIPS32/TEMU/mips_sc/test/Stage1_testcase_1/stage1-test-1_data.coe' provided. It will be converted relative to IP Instance files '../../../../../TEMU/mips_sc/test/Stage1_testcase_1/stage1-test-1_data.coe'
generate_target all [get_files  E:/MiniMIPS32/CPU/MiniMIPS32.srcs/sources_1/ip/data_rom/data_rom.xci]
INFO: [IP_Flow 19-1686] Generating 'Instantiation Template' target for IP 'data_rom'...
INFO: [IP_Flow 19-1686] Generating 'Synthesis' target for IP 'data_rom'...
INFO: [IP_Flow 19-1686] Generating 'Simulation' target for IP 'data_rom'...
INFO: [IP_Flow 19-1686] Generating 'Miscellaneous' target for IP 'data_rom'...
INFO: [IP_Flow 19-1686] Generating 'Change Log' target for IP 'data_rom'...
catch { config_ip_cache -export [get_ips -all data_rom] }
export_ip_user_files -of_objects [get_files E:/MiniMIPS32/CPU/MiniMIPS32.srcs/sources_1/ip/data_rom/data_rom.xci] -no_script -sync -force -quiet
reset_run data_rom_synth_1
launch_runs -jobs 8 data_rom_synth_1
[Sun Nov 17 13:07:43 2024] Launched data_rom_synth_1...
Run output will be captured here: E:/MiniMIPS32/CPU/MiniMIPS32.runs/data_rom_synth_1/runme.log
export_simulation -of_objects [get_files E:/MiniMIPS32/CPU/MiniMIPS32.srcs/sources_1/ip/data_rom/data_rom.xci] -directory E:/MiniMIPS32/CPU/MiniMIPS32.ip_user_files/sim_scripts -ip_user_files_dir E:/MiniMIPS32/CPU/MiniMIPS32.ip_user_files -ipstatic_source_dir E:/MiniMIPS32/CPU/MiniMIPS32.ip_user_files/ipstatic -lib_map_path [list {modelsim=E:/MiniMIPS32/CPU/MiniMIPS32.cache/compile_simlib/modelsim} {questa=E:/MiniMIPS32/CPU/MiniMIPS32.cache/compile_simlib/questa} {riviera=E:/MiniMIPS32/CPU/MiniMIPS32.cache/compile_simlib/riviera} {activehdl=E:/MiniMIPS32/CPU/MiniMIPS32.cache/compile_simlib/activehdl}] -use_ip_compiled_libs -force -quiet
WARNING: [IP_Flow 19-4067] Ignoring invalid widget type specified checkbox.Providing a default widget
WARNING: [IP_Flow 19-4067] Ignoring invalid widget type specified checkbox.Providing a default widget
INFO: [IP_Flow 19-3484] Absolute path of file 'e:/MiniMIPS32/TEMU/mips_sc/test/Stage1_testcase_1/stage1-test-1_inst.coe' provided. It will be converted relative to IP Instance files '../../../../../TEMU/mips_sc/test/Stage1_testcase_1/stage1-test-1_inst.coe'
set_property -dict [list CONFIG.Coe_File {E:/MiniMIPS32/TEMU/mips_sc/test/Stage1_testcase_1/stage1-test-1_inst.coe}] [get_ips inst_rom]
INFO: [IP_Flow 19-3484] Absolute path of file 'e:/MiniMIPS32/TEMU/mips_sc/test/Stage1_testcase_1/stage1-test-1_inst.coe' provided. It will be converted relative to IP Instance files '../../../../../TEMU/mips_sc/test/Stage1_testcase_1/stage1-test-1_inst.coe'
generate_target all [get_files  E:/MiniMIPS32/CPU/MiniMIPS32.srcs/sources_1/ip/inst_rom/inst_rom.xci]
INFO: [IP_Flow 19-1686] Generating 'Instantiation Template' target for IP 'inst_rom'...
INFO: [IP_Flow 19-1686] Generating 'Synthesis' target for IP 'inst_rom'...
INFO: [IP_Flow 19-1686] Generating 'Simulation' target for IP 'inst_rom'...
INFO: [IP_Flow 19-1686] Generating 'Miscellaneous' target for IP 'inst_rom'...
INFO: [IP_Flow 19-1686] Generating 'Change Log' target for IP 'inst_rom'...
catch { config_ip_cache -export [get_ips -all inst_rom] }
export_ip_user_files -of_objects [get_files E:/MiniMIPS32/CPU/MiniMIPS32.srcs/sources_1/ip/inst_rom/inst_rom.xci] -no_script -sync -force -quiet
reset_run inst_rom_synth_1
WARNING: [Vivado 12-1017] Problems encountered:
1. Failed to delete one or more files in run directory E:/MiniMIPS32/CPU/MiniMIPS32.runs/inst_rom_synth_1

launch_runs -jobs 8 inst_rom_synth_1
[Sun Nov 17 13:08:08 2024] Launched inst_rom_synth_1...
Run output will be captured here: E:/MiniMIPS32/CPU/MiniMIPS32.runs/inst_rom_synth_1/runme.log
export_simulation -of_objects [get_files E:/MiniMIPS32/CPU/MiniMIPS32.srcs/sources_1/ip/inst_rom/inst_rom.xci] -directory E:/MiniMIPS32/CPU/MiniMIPS32.ip_user_files/sim_scripts -ip_user_files_dir E:/MiniMIPS32/CPU/MiniMIPS32.ip_user_files -ipstatic_source_dir E:/MiniMIPS32/CPU/MiniMIPS32.ip_user_files/ipstatic -lib_map_path [list {modelsim=E:/MiniMIPS32/CPU/MiniMIPS32.cache/compile_simlib/modelsim} {questa=E:/MiniMIPS32/CPU/MiniMIPS32.cache/compile_simlib/questa} {riviera=E:/MiniMIPS32/CPU/MiniMIPS32.cache/compile_simlib/riviera} {activehdl=E:/MiniMIPS32/CPU/MiniMIPS32.cache/compile_simlib/activehdl}] -use_ip_compiled_libs -force -quiet
launch_simulation
Command: launch_simulation 
INFO: [Vivado 12-5698] Checking validity of IPs in the design for the 'XSim' simulator...
INFO: [Vivado 12-5682] Launching behavioral simulation in 'E:/MiniMIPS32/CPU/MiniMIPS32.sim/sim_1/behav/xsim'
INFO: [Vivado 12-4795] Using compiled simulation libraries for IPs
INFO: [SIM-utils-51] Simulation object is 'sim_1'
INFO: [USF-XSim-7] Finding pre-compiled libraries...
INFO: [USF-XSim-11] File 'E:/vivado/Vivado/2019.2/data/xsim/xsim.ini' copied to run dir:'E:/MiniMIPS32/CPU/MiniMIPS32.sim/sim_1/behav/xsim'
INFO: [SIM-utils-54] Inspecting design source files for 'MiniMIPS32_SYS_tb' in fileset 'sim_1'...
INFO: [SIM-utils-43] Exported 'E:/MiniMIPS32/CPU/MiniMIPS32.sim/sim_1/behav/xsim/data_rom.mif'
INFO: [SIM-utils-43] Exported 'E:/MiniMIPS32/CPU/MiniMIPS32.sim/sim_1/behav/xsim/stage1-test-1_data.coe'
INFO: [SIM-utils-43] Exported 'E:/MiniMIPS32/CPU/MiniMIPS32.sim/sim_1/behav/xsim/inst_rom.mif'
INFO: [SIM-utils-43] Exported 'E:/MiniMIPS32/CPU/MiniMIPS32.sim/sim_1/behav/xsim/stage1-test-1_inst.coe'
INFO: [SIM-utils-43] Exported 'E:/MiniMIPS32/CPU/MiniMIPS32.sim/sim_1/behav/xsim/and_inst.coe'
INFO: [SIM-utils-43] Exported 'E:/MiniMIPS32/CPU/MiniMIPS32.sim/sim_1/behav/xsim/arithADD.coe'
INFO: [SIM-utils-43] Exported 'E:/MiniMIPS32/CPU/MiniMIPS32.sim/sim_1/behav/xsim/lb_inst.coe'
INFO: [SIM-utils-43] Exported 'E:/MiniMIPS32/CPU/MiniMIPS32.sim/sim_1/behav/xsim/lb_data.coe'
INFO: [SIM-utils-43] Exported 'E:/MiniMIPS32/CPU/MiniMIPS32.sim/sim_1/behav/xsim/lb_inst.coe'
INFO: [SIM-utils-43] Exported 'E:/MiniMIPS32/CPU/MiniMIPS32.sim/sim_1/behav/xsim/lb_data.coe'
INFO: [USF-XSim-97] Finding global include files...
INFO: [USF-XSim-98] Fetching design files from 'sim_1'...
INFO: [USF-XSim-2] XSim::Compile design
INFO: [USF-XSim-61] Executing 'COMPILE and ANALYZE' step in 'E:/MiniMIPS32/CPU/MiniMIPS32.sim/sim_1/behav/xsim'
"xvlog --incr --relax -prj MiniMIPS32_SYS_tb_vlog.prj"
INFO: [VRFC 10-2263] Analyzing Verilog file "E:/MiniMIPS32/CPU/MiniMIPS32.srcs/sources_1/ip/inst_rom/sim/inst_rom.v" into library xil_defaultlib
INFO: [VRFC 10-311] analyzing module inst_rom
INFO: [VRFC 10-2263] Analyzing Verilog file "E:/MiniMIPS32/CPU/MiniMIPS32.srcs/sources_1/ip/clkdiv/clkdiv_clk_wiz.v" into library xil_defaultlib
INFO: [VRFC 10-311] analyzing module clkdiv_clk_wiz
INFO: [VRFC 10-2263] Analyzing Verilog file "E:/MiniMIPS32/CPU/MiniMIPS32.srcs/sources_1/ip/clkdiv/clkdiv.v" into library xil_defaultlib
INFO: [VRFC 10-311] analyzing module clkdiv
INFO: [VRFC 10-2263] Analyzing Verilog file "E:/MiniMIPS32/CPU/MiniMIPS32.srcs/sources_1/new/MiniMIPS32.v" into library xil_defaultlib
INFO: [VRFC 10-311] analyzing module MiniMIPS32
INFO: [VRFC 10-2458] undeclared symbol mem_din_o, assumed default net type wire [E:/MiniMIPS32/CPU/MiniMIPS32.srcs/sources_1/new/MiniMIPS32.v:352]
INFO: [VRFC 10-2458] undeclared symbol wb_din_i, assumed default net type wire [E:/MiniMIPS32/CPU/MiniMIPS32.srcs/sources_1/new/MiniMIPS32.v:364]
INFO: [VRFC 10-2263] Analyzing Verilog file "E:/MiniMIPS32/CPU/MiniMIPS32.srcs/sources_1/new/MiniMIPS32_SYS.v" into library xil_defaultlib
INFO: [VRFC 10-311] analyzing module MiniMIPS32_SYS
INFO: [VRFC 10-2263] Analyzing Verilog file "E:/MiniMIPS32/CPU/MiniMIPS32.srcs/sources_1/new/exe_stage.v" into library xil_defaultlib
INFO: [VRFC 10-311] analyzing module exe_stage
INFO: [VRFC 10-2263] Analyzing Verilog file "E:/MiniMIPS32/CPU/MiniMIPS32.srcs/sources_1/new/exemem_reg.v" into library xil_defaultlib
INFO: [VRFC 10-311] analyzing module exemem_reg
INFO: [VRFC 10-2263] Analyzing Verilog file "E:/MiniMIPS32/CPU/MiniMIPS32.srcs/sources_1/new/id_stage.v" into library xil_defaultlib
INFO: [VRFC 10-311] analyzing module id_stage
INFO: [VRFC 10-2263] Analyzing Verilog file "E:/MiniMIPS32/CPU/MiniMIPS32.srcs/sources_1/new/idexe_reg.v" into library xil_defaultlib
INFO: [VRFC 10-311] analyzing module idexe_reg
INFO: [VRFC 10-2263] Analyzing Verilog file "E:/MiniMIPS32/CPU/MiniMIPS32.srcs/sources_1/new/if_stage.v" into library xil_defaultlib
INFO: [VRFC 10-311] analyzing module if_stage
INFO: [VRFC 10-2263] Analyzing Verilog file "E:/MiniMIPS32/CPU/MiniMIPS32.srcs/sources_1/new/ifid_reg.v" into library xil_defaultlib
INFO: [VRFC 10-311] analyzing module ifid_reg
INFO: [VRFC 10-2263] Analyzing Verilog file "E:/MiniMIPS32/CPU/MiniMIPS32.srcs/sources_1/new/mem_stage.v" into library xil_defaultlib
INFO: [VRFC 10-311] analyzing module mem_stage
INFO: [VRFC 10-2263] Analyzing Verilog file "E:/MiniMIPS32/CPU/MiniMIPS32.srcs/sources_1/new/memwb_reg.v" into library xil_defaultlib
INFO: [VRFC 10-311] analyzing module memwb_reg
INFO: [VRFC 10-2263] Analyzing Verilog file "E:/MiniMIPS32/CPU/MiniMIPS32.srcs/sources_1/new/regfile.v" into library xil_defaultlib
INFO: [VRFC 10-311] analyzing module regfile
INFO: [VRFC 10-2263] Analyzing Verilog file "E:/MiniMIPS32/CPU/MiniMIPS32.srcs/sources_1/new/wb_stage.v" into library xil_defaultlib
INFO: [VRFC 10-311] analyzing module wb_stage
INFO: [USF-XSim-69] 'compile' step finished in '1' seconds
INFO: [USF-XSim-3] XSim::Elaborate design
INFO: [USF-XSim-61] Executing 'ELABORATE' step in 'E:/MiniMIPS32/CPU/MiniMIPS32.sim/sim_1/behav/xsim'
"xelab -wto bb1d9b6b857a46b28863b191d55162ea --incr --debug typical --relax --mt 2 -L blk_mem_gen_v8_4_4 -L xil_defaultlib -L unisims_ver -L unimacro_ver -L secureip -L xpm --snapshot MiniMIPS32_SYS_tb_behav xil_defaultlib.MiniMIPS32_SYS_tb xil_defaultlib.glbl -log elaborate.log"
Vivado Simulator 2019.2
Copyright 1986-1999, 2001-2019 Xilinx, Inc. All Rights Reserved.
Running: E:/vivado/Vivado/2019.2/bin/unwrapped/win64.o/xelab.exe -wto bb1d9b6b857a46b28863b191d55162ea --incr --debug typical --relax --mt 2 -L blk_mem_gen_v8_4_4 -L xil_defaultlib -L unisims_ver -L unimacro_ver -L secureip -L xpm --snapshot MiniMIPS32_SYS_tb_behav xil_defaultlib.MiniMIPS32_SYS_tb xil_defaultlib.glbl -log elaborate.log 
Using 2 slave threads.
Starting static elaboration
Pass Through NonSizing Optimizer
WARNING: [VRFC 10-3091] actual bit length 32 differs from formal bit length 1 for port 'exe_whi' [E:/MiniMIPS32/CPU/MiniMIPS32.srcs/sources_1/new/MiniMIPS32.v:236]
WARNING: [VRFC 10-3091] actual bit length 32 differs from formal bit length 1 for port 'exe_wlo' [E:/MiniMIPS32/CPU/MiniMIPS32.srcs/sources_1/new/MiniMIPS32.v:237]
WARNING: [VRFC 10-3091] actual bit length 32 differs from formal bit length 1 for port 'exe_whi_i' [E:/MiniMIPS32/CPU/MiniMIPS32.srcs/sources_1/new/MiniMIPS32.v:254]
WARNING: [VRFC 10-3091] actual bit length 32 differs from formal bit length 1 for port 'exe_wlo_i' [E:/MiniMIPS32/CPU/MiniMIPS32.srcs/sources_1/new/MiniMIPS32.v:255]
WARNING: [VRFC 10-3091] actual bit length 1 differs from formal bit length 32 for port 'mem_din' [E:/MiniMIPS32/CPU/MiniMIPS32.srcs/sources_1/new/MiniMIPS32.v:352]
WARNING: [VRFC 10-3091] actual bit length 1 differs from formal bit length 32 for port 'wb_din' [E:/MiniMIPS32/CPU/MiniMIPS32.srcs/sources_1/new/MiniMIPS32.v:364]
WARNING: [VRFC 10-5021] port 'dm' is not connected on this instance [E:/MiniMIPS32/CPU/MiniMIPS32.srcs/sources_1/new/MiniMIPS32_SYS.v:41]
WARNING: [VRFC 10-5021] port 'cpu_rst_n' is not connected on this instance [E:/MiniMIPS32/CPU/MiniMIPS32.srcs/sources_1/new/MiniMIPS32.v:244]
Completed static elaboration
Starting simulation data flow analysis
Completed simulation data flow analysis
Time Resolution for simulation is 1ps
Compiling module unisims_ver.IBUFDS
Compiling module unisims_ver.MMCME2_ADV(CLKIN1_PERIOD=5.0,CLK...
Compiling module unisims_ver.BUFG
Compiling module xil_defaultlib.clkdiv_clk_wiz
Compiling module xil_defaultlib.clkdiv
Compiling module blk_mem_gen_v8_4_4.blk_mem_gen_v8_4_4_output_stage(...
Compiling module blk_mem_gen_v8_4_4.blk_mem_gen_v8_4_4_softecc_outpu...
Compiling module blk_mem_gen_v8_4_4.blk_mem_gen_v8_4_4_mem_module(C_...
Compiling module blk_mem_gen_v8_4_4.blk_mem_gen_v8_4_4(C_FAMILY="kin...
Compiling module xil_defaultlib.inst_rom
Compiling module xil_defaultlib.if_stage
Compiling module xil_defaultlib.ifid_reg
Compiling module xil_defaultlib.id_stage
Compiling module xil_defaultlib.regfile
Compiling module xil_defaultlib.idexe_reg
Compiling module xil_defaultlib.exe_stage
Compiling module xil_defaultlib.exemem_reg
Compiling module xil_defaultlib.mem_stage
Compiling module xil_defaultlib.memwb_reg
Compiling module xil_defaultlib.wb_stage
Compiling module xil_defaultlib.hilohilo
Compiling module xil_defaultlib.MiniMIPS32
Compiling module xil_defaultlib.MiniMIPS32_SYS
Compiling module xil_defaultlib.MiniMIPS32_SYS_tb
Compiling module xil_defaultlib.glbl
Built simulation snapshot MiniMIPS32_SYS_tb_behav

****** Webtalk v2019.2 (64-bit)
  **** SW Build 2708876 on Wed Nov  6 21:40:23 MST 2019
  **** IP Build 2700528 on Thu Nov  7 00:09:20 MST 2019
    ** Copyright 1986-2019 Xilinx, Inc. All Rights Reserved.

source E:/MiniMIPS32/CPU/MiniMIPS32.sim/sim_1/behav/xsim/xsim.dir/MiniMIPS32_SYS_tb_behav/webtalk/xsim_webtalk.tcl -notrace
INFO: [Common 17-206] Exiting Webtalk at Sun Nov 17 13:08:24 2024...
run_program: Time (s): cpu = 00:00:01 ; elapsed = 00:00:08 . Memory (MB): peak = 1054.383 ; gain = 0.000
INFO: [USF-XSim-69] 'elaborate' step finished in '9' seconds
INFO: [USF-XSim-4] XSim::Simulate design
INFO: [USF-XSim-61] Executing 'SIMULATE' step in 'E:/MiniMIPS32/CPU/MiniMIPS32.sim/sim_1/behav/xsim'
INFO: [USF-XSim-98] *** Running xsim
   with args "MiniMIPS32_SYS_tb_behav -key {Behavioral:sim_1:Functional:MiniMIPS32_SYS_tb} -tclbatch {MiniMIPS32_SYS_tb.tcl} -log {simulate.log}"
INFO: [USF-XSim-8] Loading simulator feature
Vivado Simulator 2019.2
Time resolution is 1 ps
source MiniMIPS32_SYS_tb.tcl
# set curr_wave [current_wave_config]
# if { [string length $curr_wave] == 0 } {
#   if { [llength [get_objects]] > 0} {
#     add_wave /
#     set_property needs_save false [current_wave_config]
#   } else {
#      send_msg_id Add_Wave-1 WARNING "No top level signals found. Simulator will start without a wave window. If you want to open a wave window go to 'File->New Waveform Configuration' or type 'create_wave_config' in the TCL console."
#   }
# }
# run 1ms
 Block Memory Generator module loading initial data...
 Block Memory Generator data initialization complete.
Block Memory Generator module MiniMIPS32_SYS_tb.SoC.inst_rom0.inst.native_mem_module.blk_mem_gen_v8_4_4_inst is using a behavioral model for simulation which will not precisely model memory collision behavior.
--------------------------------------------------------------
[                 317]ns
reference: PC = 0xbfc00000, wb_rf_wnum = 0x08, wb_rf_wdata = 0x0000000a
--------------------------------------------------------------
--------------------------------------------------------------
[                 337]ns
reference: PC = 0xbfc00004, wb_rf_wnum = 0x09, wb_rf_wdata = 0x00000014
--------------------------------------------------------------
--------------------------------------------------------------
[                 397]ns
reference: PC = 0xbfc00010, wb_rf_wnum = 0x0a, wb_rf_wdata = 0x0000000a
--------------------------------------------------------------
--------------------------------------------------------------
[                 417]ns
reference: PC = 0xbfc00014, wb_rf_wnum = 0x0b, wb_rf_wdata = 0x0000000a
--------------------------------------------------------------
--------------------------------------------------------------
[                 437]ns
reference: PC = 0xbfc00018, wb_rf_wnum = 0x0c, wb_rf_wdata = 0x00000000
--------------------------------------------------------------
--------------------------------------------------------------
[                 457]ns
reference: PC = 0xbfc0001c, wb_rf_wnum = 0x0d, wb_rf_wdata = 0x0000001e
--------------------------------------------------------------
--------------------------------------------------------------
[                 477]ns
reference: PC = 0xbfc00020, wb_rf_wnum = 0x0e, wb_rf_wdata = 0x0000001e
--------------------------------------------------------------
--------------------------------------------------------------
[                 497]ns
reference: PC = 0xbfc00024, wb_rf_wnum = 0x0f, wb_rf_wdata = 0xffffffe1
--------------------------------------------------------------
--------------------------------------------------------------
[                 517]ns
reference: PC = 0xbfc00028, wb_rf_wnum = 0x18, wb_rf_wdata = 0x00000028
--------------------------------------------------------------
--------------------------------------------------------------
[                 537]ns
reference: PC = 0xbfc0002c, wb_rf_wnum = 0x19, wb_rf_wdata = 0x00000005
--------------------------------------------------------------
--------------------------------------------------------------
[                 557]ns
reference: PC = 0xbfc00030, wb_rf_wnum = 0x10, wb_rf_wdata = 0x00000005
--------------------------------------------------------------
--------------------------------------------------------------
[                 577]ns
reference: PC = 0xbfc00034, wb_rf_wnum = 0x11, wb_rf_wdata = 0x00000001
--------------------------------------------------------------
--------------------------------------------------------------
[                 597]ns
reference: PC = 0xbfc00038, wb_rf_wnum = 0x12, wb_rf_wdata = 0x00000001
--------------------------------------------------------------
--------------------------------------------------------------
[                 617]ns
reference: PC = 0xbfc0003c, wb_rf_wnum = 0x13, wb_rf_wdata = 0x0000000f
--------------------------------------------------------------
--------------------------------------------------------------
[                 637]ns
reference: PC = 0xbfc00040, wb_rf_wnum = 0x14, wb_rf_wdata = 0x00000000
--------------------------------------------------------------
--------------------------------------------------------------
[                 657]ns
reference: PC = 0xbfc00044, wb_rf_wnum = 0x15, wb_rf_wdata = 0x0000000f
--------------------------------------------------------------
--------------------------------------------------------------
[                 677]ns
reference: PC = 0xbfc00048, wb_rf_wnum = 0x16, wb_rf_wdata = 0x0000000f
--------------------------------------------------------------
--------------------------------------------------------------
[                 697]ns
reference: PC = 0xbfc0004c, wb_rf_wnum = 0x17, wb_rf_wdata = 0x12340000
--------------------------------------------------------------
--------------------------------------------------------------
[                 837]ns
reference: PC = 0xbfc00068, wb_rf_wnum = 0x0a, wb_rf_wdata = 0x80000000
--------------------------------------------------------------
--------------------------------------------------------------
[                 857]ns
reference: PC = 0xbfc0006c, wb_rf_wnum = 0x0a, wb_rf_wdata = 0xzzzzzzzz
--------------------------------------------------------------
--------------------------------------------------------------
[                 917]ns
reference: PC = 0xbfc00078, wb_rf_wnum = 0x0a, wb_rf_wdata = 0x80000000
--------------------------------------------------------------
--------------------------------------------------------------
[                 937]ns
reference: PC = 0xbfc0007c, wb_rf_wnum = 0x0a, wb_rf_wdata = 0xzzzzzzzz
--------------------------------------------------------------
$stop called at time : 2200 ns : File "E:/MiniMIPS32/CPU/MiniMIPS32.srcs/sim_1/new/MiniMIPS32_SYS_tb.v" Line 32
INFO: [USF-XSim-96] XSim completed. Design snapshot 'MiniMIPS32_SYS_tb_behav' loaded.
INFO: [USF-XSim-97] XSim simulation ran for 1ms
launch_simulation: Time (s): cpu = 00:00:09 ; elapsed = 00:00:13 . Memory (MB): peak = 1113.848 ; gain = 59.465
close_sim
INFO: [Simtcl 6-16] Simulation closed
WARNING: [IP_Flow 19-4067] Ignoring invalid widget type specified checkbox.Providing a default widget
WARNING: [IP_Flow 19-4067] Ignoring invalid widget type specified checkbox.Providing a default widget
WARNING: [IP_Flow 19-4067] Ignoring invalid widget type specified checkbox.Providing a default widget
WARNING: [IP_Flow 19-4067] Ignoring invalid widget type specified checkbox.Providing a default widget
launch_simulation
Command: launch_simulation 
INFO: [Vivado 12-5698] Checking validity of IPs in the design for the 'XSim' simulator...
INFO: [Vivado 12-5682] Launching behavioral simulation in 'E:/MiniMIPS32/CPU/MiniMIPS32.sim/sim_1/behav/xsim'
INFO: [Vivado 12-4795] Using compiled simulation libraries for IPs
INFO: [SIM-utils-51] Simulation object is 'sim_1'
INFO: [USF-XSim-7] Finding pre-compiled libraries...
INFO: [USF-XSim-11] File 'E:/vivado/Vivado/2019.2/data/xsim/xsim.ini' copied to run dir:'E:/MiniMIPS32/CPU/MiniMIPS32.sim/sim_1/behav/xsim'
INFO: [SIM-utils-54] Inspecting design source files for 'MiniMIPS32_SYS_tb' in fileset 'sim_1'...
INFO: [SIM-utils-43] Exported 'E:/MiniMIPS32/CPU/MiniMIPS32.sim/sim_1/behav/xsim/data_rom.mif'
INFO: [SIM-utils-43] Exported 'E:/MiniMIPS32/CPU/MiniMIPS32.sim/sim_1/behav/xsim/stage1-test-1_data.coe'
INFO: [SIM-utils-43] Exported 'E:/MiniMIPS32/CPU/MiniMIPS32.sim/sim_1/behav/xsim/inst_rom.mif'
INFO: [SIM-utils-43] Exported 'E:/MiniMIPS32/CPU/MiniMIPS32.sim/sim_1/behav/xsim/stage1-test-1_inst.coe'
INFO: [SIM-utils-43] Exported 'E:/MiniMIPS32/CPU/MiniMIPS32.sim/sim_1/behav/xsim/and_inst.coe'
INFO: [SIM-utils-43] Exported 'E:/MiniMIPS32/CPU/MiniMIPS32.sim/sim_1/behav/xsim/arithADD.coe'
INFO: [SIM-utils-43] Exported 'E:/MiniMIPS32/CPU/MiniMIPS32.sim/sim_1/behav/xsim/lb_inst.coe'
INFO: [SIM-utils-43] Exported 'E:/MiniMIPS32/CPU/MiniMIPS32.sim/sim_1/behav/xsim/lb_data.coe'
INFO: [SIM-utils-43] Exported 'E:/MiniMIPS32/CPU/MiniMIPS32.sim/sim_1/behav/xsim/lb_inst.coe'
INFO: [SIM-utils-43] Exported 'E:/MiniMIPS32/CPU/MiniMIPS32.sim/sim_1/behav/xsim/lb_data.coe'
INFO: [USF-XSim-97] Finding global include files...
INFO: [USF-XSim-98] Fetching design files from 'sim_1'...
INFO: [USF-XSim-2] XSim::Compile design
INFO: [USF-XSim-61] Executing 'COMPILE and ANALYZE' step in 'E:/MiniMIPS32/CPU/MiniMIPS32.sim/sim_1/behav/xsim'
"xvlog --incr --relax -prj MiniMIPS32_SYS_tb_vlog.prj"
INFO: [VRFC 10-2263] Analyzing Verilog file "E:/MiniMIPS32/CPU/MiniMIPS32.srcs/sources_1/ip/inst_rom/sim/inst_rom.v" into library xil_defaultlib
INFO: [VRFC 10-311] analyzing module inst_rom
INFO: [VRFC 10-2263] Analyzing Verilog file "E:/MiniMIPS32/CPU/MiniMIPS32.srcs/sources_1/ip/clkdiv/clkdiv_clk_wiz.v" into library xil_defaultlib
INFO: [VRFC 10-311] analyzing module clkdiv_clk_wiz
INFO: [VRFC 10-2263] Analyzing Verilog file "E:/MiniMIPS32/CPU/MiniMIPS32.srcs/sources_1/ip/clkdiv/clkdiv.v" into library xil_defaultlib
INFO: [VRFC 10-311] analyzing module clkdiv
INFO: [VRFC 10-2263] Analyzing Verilog file "E:/MiniMIPS32/CPU/MiniMIPS32.srcs/sources_1/new/MiniMIPS32.v" into library xil_defaultlib
INFO: [VRFC 10-311] analyzing module MiniMIPS32
INFO: [VRFC 10-2458] undeclared symbol mem_din_o, assumed default net type wire [E:/MiniMIPS32/CPU/MiniMIPS32.srcs/sources_1/new/MiniMIPS32.v:352]
INFO: [VRFC 10-2458] undeclared symbol wb_din_i, assumed default net type wire [E:/MiniMIPS32/CPU/MiniMIPS32.srcs/sources_1/new/MiniMIPS32.v:364]
INFO: [VRFC 10-2263] Analyzing Verilog file "E:/MiniMIPS32/CPU/MiniMIPS32.srcs/sources_1/new/MiniMIPS32_SYS.v" into library xil_defaultlib
INFO: [VRFC 10-311] analyzing module MiniMIPS32_SYS
INFO: [VRFC 10-2263] Analyzing Verilog file "E:/MiniMIPS32/CPU/MiniMIPS32.srcs/sources_1/new/exe_stage.v" into library xil_defaultlib
INFO: [VRFC 10-311] analyzing module exe_stage
INFO: [VRFC 10-2263] Analyzing Verilog file "E:/MiniMIPS32/CPU/MiniMIPS32.srcs/sources_1/new/exemem_reg.v" into library xil_defaultlib
INFO: [VRFC 10-311] analyzing module exemem_reg
INFO: [VRFC 10-2263] Analyzing Verilog file "E:/MiniMIPS32/CPU/MiniMIPS32.srcs/sources_1/new/id_stage.v" into library xil_defaultlib
INFO: [VRFC 10-311] analyzing module id_stage
INFO: [VRFC 10-2263] Analyzing Verilog file "E:/MiniMIPS32/CPU/MiniMIPS32.srcs/sources_1/new/idexe_reg.v" into library xil_defaultlib
INFO: [VRFC 10-311] analyzing module idexe_reg
INFO: [VRFC 10-2263] Analyzing Verilog file "E:/MiniMIPS32/CPU/MiniMIPS32.srcs/sources_1/new/if_stage.v" into library xil_defaultlib
INFO: [VRFC 10-311] analyzing module if_stage
INFO: [VRFC 10-2263] Analyzing Verilog file "E:/MiniMIPS32/CPU/MiniMIPS32.srcs/sources_1/new/ifid_reg.v" into library xil_defaultlib
INFO: [VRFC 10-311] analyzing module ifid_reg
INFO: [VRFC 10-2263] Analyzing Verilog file "E:/MiniMIPS32/CPU/MiniMIPS32.srcs/sources_1/new/mem_stage.v" into library xil_defaultlib
INFO: [VRFC 10-311] analyzing module mem_stage
INFO: [VRFC 10-2263] Analyzing Verilog file "E:/MiniMIPS32/CPU/MiniMIPS32.srcs/sources_1/new/memwb_reg.v" into library xil_defaultlib
INFO: [VRFC 10-311] analyzing module memwb_reg
INFO: [VRFC 10-2263] Analyzing Verilog file "E:/MiniMIPS32/CPU/MiniMIPS32.srcs/sources_1/new/regfile.v" into library xil_defaultlib
INFO: [VRFC 10-311] analyzing module regfile
INFO: [VRFC 10-2263] Analyzing Verilog file "E:/MiniMIPS32/CPU/MiniMIPS32.srcs/sources_1/new/wb_stage.v" into library xil_defaultlib
INFO: [VRFC 10-311] analyzing module wb_stage
INFO: [USF-XSim-69] 'compile' step finished in '1' seconds
INFO: [USF-XSim-3] XSim::Elaborate design
INFO: [USF-XSim-61] Executing 'ELABORATE' step in 'E:/MiniMIPS32/CPU/MiniMIPS32.sim/sim_1/behav/xsim'
"xelab -wto bb1d9b6b857a46b28863b191d55162ea --incr --debug typical --relax --mt 2 -L blk_mem_gen_v8_4_4 -L xil_defaultlib -L unisims_ver -L unimacro_ver -L secureip -L xpm --snapshot MiniMIPS32_SYS_tb_behav xil_defaultlib.MiniMIPS32_SYS_tb xil_defaultlib.glbl -log elaborate.log"
Vivado Simulator 2019.2
Copyright 1986-1999, 2001-2019 Xilinx, Inc. All Rights Reserved.
Running: E:/vivado/Vivado/2019.2/bin/unwrapped/win64.o/xelab.exe -wto bb1d9b6b857a46b28863b191d55162ea --incr --debug typical --relax --mt 2 -L blk_mem_gen_v8_4_4 -L xil_defaultlib -L unisims_ver -L unimacro_ver -L secureip -L xpm --snapshot MiniMIPS32_SYS_tb_behav xil_defaultlib.MiniMIPS32_SYS_tb xil_defaultlib.glbl -log elaborate.log 
Using 2 slave threads.
Starting static elaboration
Pass Through NonSizing Optimizer
WARNING: [VRFC 10-3091] actual bit length 32 differs from formal bit length 1 for port 'exe_whi' [E:/MiniMIPS32/CPU/MiniMIPS32.srcs/sources_1/new/MiniMIPS32.v:236]
WARNING: [VRFC 10-3091] actual bit length 32 differs from formal bit length 1 for port 'exe_wlo' [E:/MiniMIPS32/CPU/MiniMIPS32.srcs/sources_1/new/MiniMIPS32.v:237]
WARNING: [VRFC 10-3091] actual bit length 32 differs from formal bit length 1 for port 'exe_whi_i' [E:/MiniMIPS32/CPU/MiniMIPS32.srcs/sources_1/new/MiniMIPS32.v:254]
WARNING: [VRFC 10-3091] actual bit length 32 differs from formal bit length 1 for port 'exe_wlo_i' [E:/MiniMIPS32/CPU/MiniMIPS32.srcs/sources_1/new/MiniMIPS32.v:255]
WARNING: [VRFC 10-3091] actual bit length 1 differs from formal bit length 32 for port 'mem_din' [E:/MiniMIPS32/CPU/MiniMIPS32.srcs/sources_1/new/MiniMIPS32.v:352]
WARNING: [VRFC 10-3091] actual bit length 1 differs from formal bit length 32 for port 'wb_din' [E:/MiniMIPS32/CPU/MiniMIPS32.srcs/sources_1/new/MiniMIPS32.v:364]
WARNING: [VRFC 10-5021] port 'dm' is not connected on this instance [E:/MiniMIPS32/CPU/MiniMIPS32.srcs/sources_1/new/MiniMIPS32_SYS.v:41]
WARNING: [VRFC 10-5021] port 'cpu_rst_n' is not connected on this instance [E:/MiniMIPS32/CPU/MiniMIPS32.srcs/sources_1/new/MiniMIPS32.v:244]
Completed static elaboration
Starting simulation data flow analysis
Completed simulation data flow analysis
Time Resolution for simulation is 1ps
Compiling module unisims_ver.IBUFDS
Compiling module unisims_ver.MMCME2_ADV(CLKIN1_PERIOD=5.0,CLK...
Compiling module unisims_ver.BUFG
Compiling module xil_defaultlib.clkdiv_clk_wiz
Compiling module xil_defaultlib.clkdiv
Compiling module blk_mem_gen_v8_4_4.blk_mem_gen_v8_4_4_output_stage(...
Compiling module blk_mem_gen_v8_4_4.blk_mem_gen_v8_4_4_softecc_outpu...
Compiling module blk_mem_gen_v8_4_4.blk_mem_gen_v8_4_4_mem_module(C_...
Compiling module blk_mem_gen_v8_4_4.blk_mem_gen_v8_4_4(C_FAMILY="kin...
Compiling module xil_defaultlib.inst_rom
Compiling module xil_defaultlib.if_stage
Compiling module xil_defaultlib.ifid_reg
Compiling module xil_defaultlib.id_stage
Compiling module xil_defaultlib.regfile
Compiling module xil_defaultlib.idexe_reg
Compiling module xil_defaultlib.exe_stage
Compiling module xil_defaultlib.exemem_reg
Compiling module xil_defaultlib.mem_stage
Compiling module xil_defaultlib.memwb_reg
Compiling module xil_defaultlib.wb_stage
Compiling module xil_defaultlib.hilohilo
Compiling module xil_defaultlib.MiniMIPS32
Compiling module xil_defaultlib.MiniMIPS32_SYS
Compiling module xil_defaultlib.MiniMIPS32_SYS_tb
Compiling module xil_defaultlib.glbl
Built simulation snapshot MiniMIPS32_SYS_tb_behav
INFO: [USF-XSim-69] 'elaborate' step finished in '5' seconds
INFO: [USF-XSim-4] XSim::Simulate design
INFO: [USF-XSim-61] Executing 'SIMULATE' step in 'E:/MiniMIPS32/CPU/MiniMIPS32.sim/sim_1/behav/xsim'
INFO: [USF-XSim-98] *** Running xsim
   with args "MiniMIPS32_SYS_tb_behav -key {Behavioral:sim_1:Functional:MiniMIPS32_SYS_tb} -tclbatch {MiniMIPS32_SYS_tb.tcl} -log {simulate.log}"
INFO: [USF-XSim-8] Loading simulator feature
Vivado Simulator 2019.2
Time resolution is 1 ps
source MiniMIPS32_SYS_tb.tcl
# set curr_wave [current_wave_config]
# if { [string length $curr_wave] == 0 } {
#   if { [llength [get_objects]] > 0} {
#     add_wave /
#     set_property needs_save false [current_wave_config]
#   } else {
#      send_msg_id Add_Wave-1 WARNING "No top level signals found. Simulator will start without a wave window. If you want to open a wave window go to 'File->New Waveform Configuration' or type 'create_wave_config' in the TCL console."
#   }
# }
# run 1ms
 Block Memory Generator module loading initial data...
 Block Memory Generator data initialization complete.
Block Memory Generator module MiniMIPS32_SYS_tb.SoC.inst_rom0.inst.native_mem_module.blk_mem_gen_v8_4_4_inst is using a behavioral model for simulation which will not precisely model memory collision behavior.
--------------------------------------------------------------
[                 317]ns
reference: PC = 0xbfc00000, wb_rf_wnum = 0x08, wb_rf_wdata = 0x0000000a
--------------------------------------------------------------
--------------------------------------------------------------
[                 337]ns
reference: PC = 0xbfc00004, wb_rf_wnum = 0x09, wb_rf_wdata = 0x00000014
--------------------------------------------------------------
--------------------------------------------------------------
[                 397]ns
reference: PC = 0xbfc00010, wb_rf_wnum = 0x0a, wb_rf_wdata = 0x0000000a
--------------------------------------------------------------
--------------------------------------------------------------
[                 417]ns
reference: PC = 0xbfc00014, wb_rf_wnum = 0x0b, wb_rf_wdata = 0x0000000a
--------------------------------------------------------------
--------------------------------------------------------------
[                 437]ns
reference: PC = 0xbfc00018, wb_rf_wnum = 0x0c, wb_rf_wdata = 0x00000000
--------------------------------------------------------------
--------------------------------------------------------------
[                 457]ns
reference: PC = 0xbfc0001c, wb_rf_wnum = 0x0d, wb_rf_wdata = 0x0000001e
--------------------------------------------------------------
--------------------------------------------------------------
[                 477]ns
reference: PC = 0xbfc00020, wb_rf_wnum = 0x0e, wb_rf_wdata = 0x0000001e
--------------------------------------------------------------
--------------------------------------------------------------
[                 497]ns
reference: PC = 0xbfc00024, wb_rf_wnum = 0x0f, wb_rf_wdata = 0xffffffe1
--------------------------------------------------------------
--------------------------------------------------------------
[                 517]ns
reference: PC = 0xbfc00028, wb_rf_wnum = 0x18, wb_rf_wdata = 0x00000028
--------------------------------------------------------------
--------------------------------------------------------------
[                 537]ns
reference: PC = 0xbfc0002c, wb_rf_wnum = 0x19, wb_rf_wdata = 0x00000005
--------------------------------------------------------------
--------------------------------------------------------------
[                 557]ns
reference: PC = 0xbfc00030, wb_rf_wnum = 0x10, wb_rf_wdata = 0x00000005
--------------------------------------------------------------
--------------------------------------------------------------
[                 577]ns
reference: PC = 0xbfc00034, wb_rf_wnum = 0x11, wb_rf_wdata = 0x00000001
--------------------------------------------------------------
--------------------------------------------------------------
[                 597]ns
reference: PC = 0xbfc00038, wb_rf_wnum = 0x12, wb_rf_wdata = 0x00000001
--------------------------------------------------------------
--------------------------------------------------------------
[                 617]ns
reference: PC = 0xbfc0003c, wb_rf_wnum = 0x13, wb_rf_wdata = 0x0000000f
--------------------------------------------------------------
--------------------------------------------------------------
[                 637]ns
reference: PC = 0xbfc00040, wb_rf_wnum = 0x14, wb_rf_wdata = 0x00000000
--------------------------------------------------------------
--------------------------------------------------------------
[                 657]ns
reference: PC = 0xbfc00044, wb_rf_wnum = 0x15, wb_rf_wdata = 0x0000000f
--------------------------------------------------------------
--------------------------------------------------------------
[                 677]ns
reference: PC = 0xbfc00048, wb_rf_wnum = 0x16, wb_rf_wdata = 0x0000000f
--------------------------------------------------------------
--------------------------------------------------------------
[                 697]ns
reference: PC = 0xbfc0004c, wb_rf_wnum = 0x17, wb_rf_wdata = 0x12340000
--------------------------------------------------------------
--------------------------------------------------------------
[                 837]ns
reference: PC = 0xbfc00068, wb_rf_wnum = 0x0a, wb_rf_wdata = 0x80000000
--------------------------------------------------------------
--------------------------------------------------------------
[                 857]ns
reference: PC = 0xbfc0006c, wb_rf_wnum = 0x0a, wb_rf_wdata = 0xzzzzzzzz
--------------------------------------------------------------
--------------------------------------------------------------
[                 917]ns
reference: PC = 0xbfc00078, wb_rf_wnum = 0x0a, wb_rf_wdata = 0x80000000
--------------------------------------------------------------
--------------------------------------------------------------
[                 937]ns
reference: PC = 0xbfc0007c, wb_rf_wnum = 0x0a, wb_rf_wdata = 0xzzzzzzzz
--------------------------------------------------------------
$stop called at time : 2200 ns : File "E:/MiniMIPS32/CPU/MiniMIPS32.srcs/sim_1/new/MiniMIPS32_SYS_tb.v" Line 32
INFO: [USF-XSim-96] XSim completed. Design snapshot 'MiniMIPS32_SYS_tb_behav' loaded.
INFO: [USF-XSim-97] XSim simulation ran for 1ms
launch_simulation: Time (s): cpu = 00:00:04 ; elapsed = 00:00:08 . Memory (MB): peak = 1113.848 ; gain = 0.000
close_sim
INFO: [Simtcl 6-16] Simulation closed
exit
INFO: [Common 17-206] Exiting Vivado at Sun Nov 17 13:16:55 2024...
