#-----------------------------------------------------------
# Vivado v2019.2 (64-bit)
# SW Build 2708876 on Wed Nov  6 21:40:23 MST 2019
# IP Build 2700528 on Thu Nov  7 00:09:20 MST 2019
# Start of session at: Tue Nov 12 12:03:22 2024
# Process ID: 16372
# Current directory: E:/MiniMIPS32/CPU
# Command line: vivado.exe -gui_launcher_event rodinguilauncherevent20452 E:\MiniMIPS32\CPU\MiniMIPS32.xpr
# Log file: E:/MiniMIPS32/CPU/vivado.log
# Journal file: E:/MiniMIPS32/CPU\vivado.jou
#-----------------------------------------------------------
start_gui
open_project E:/MiniMIPS32/CPU/MiniMIPS32.xpr
CRITICAL WARNING: [Project 1-19] Could not find the file 'E:/MiniMIPS32/TEMU/mips_sc/22arithlogic/arith_add/arithADD.coe'.
CRITICAL WARNING: [Project 1-19] Could not find the file 'c:/Users/admin/Desktop/fangcun inst/lb_inst.coe'.
CRITICAL WARNING: [Project 1-19] Could not find the file 'c:/Users/admin/Desktop/fangcun inst/lb_data.coe'.
Scanning sources...
Finished scanning sources
INFO: [IP_Flow 19-234] Refreshing IP repositories
INFO: [IP_Flow 19-1704] No user IP repositories specified
INFO: [IP_Flow 19-2313] Loaded Vivado IP repository 'E:/vivado/Vivado/2019.2/data/ip'.
WARNING: [IP_Flow 19-3664] IP 'inst_rom' generated file not found 'e:/MiniMIPS32/CPU/MiniMIPS32.srcs/sources_1/ip/inst_rom/inst_rom.dcp'. Please regenerate to continue.
WARNING: [IP_Flow 19-3664] IP 'inst_rom' generated file not found 'e:/MiniMIPS32/CPU/MiniMIPS32.srcs/sources_1/ip/inst_rom/inst_rom_stub.v'. Please regenerate to continue.
WARNING: [IP_Flow 19-3664] IP 'inst_rom' generated file not found 'e:/MiniMIPS32/CPU/MiniMIPS32.srcs/sources_1/ip/inst_rom/inst_rom_stub.vhdl'. Please regenerate to continue.
WARNING: [IP_Flow 19-3664] IP 'inst_rom' generated file not found 'e:/MiniMIPS32/CPU/MiniMIPS32.srcs/sources_1/ip/inst_rom/inst_rom_sim_netlist.v'. Please regenerate to continue.
WARNING: [IP_Flow 19-3664] IP 'inst_rom' generated file not found 'e:/MiniMIPS32/CPU/MiniMIPS32.srcs/sources_1/ip/inst_rom/inst_rom_sim_netlist.vhdl'. Please regenerate to continue.
WARNING: [IP_Flow 19-3664] IP 'data_rom' generated file not found 'e:/MiniMIPS32/CPU/MiniMIPS32.srcs/sources_1/ip/data_rom/data_rom.dcp'. Please regenerate to continue.
WARNING: [IP_Flow 19-3664] IP 'data_rom' generated file not found 'e:/MiniMIPS32/CPU/MiniMIPS32.srcs/sources_1/ip/data_rom/data_rom_stub.v'. Please regenerate to continue.
WARNING: [IP_Flow 19-3664] IP 'data_rom' generated file not found 'e:/MiniMIPS32/CPU/MiniMIPS32.srcs/sources_1/ip/data_rom/data_rom_stub.vhdl'. Please regenerate to continue.
WARNING: [IP_Flow 19-3664] IP 'data_rom' generated file not found 'e:/MiniMIPS32/CPU/MiniMIPS32.srcs/sources_1/ip/data_rom/data_rom_sim_netlist.v'. Please regenerate to continue.
WARNING: [IP_Flow 19-3664] IP 'data_rom' generated file not found 'e:/MiniMIPS32/CPU/MiniMIPS32.srcs/sources_1/ip/data_rom/data_rom_sim_netlist.vhdl'. Please regenerate to continue.
open_project: Time (s): cpu = 00:00:15 ; elapsed = 00:00:07 . Memory (MB): peak = 927.242 ; gain = 237.535
update_compile_order -fileset sources_1
update_compile_order -fileset sources_1
update_compile_order -fileset sources_1
update_compile_order -fileset sources_1
generate_target Simulation [get_files E:/MiniMIPS32/CPU/MiniMIPS32.srcs/sources_1/ip/inst_rom/inst_rom.xci]
INFO: [IP_Flow 19-1686] Generating 'Simulation' target for IP 'inst_rom'...
ERROR: [Ipptcl 7-519] NULL COE Data pointer: Unable to open the file 
ERROR: [Common 17-39] 'ipgui::get_coe_val' failed due to earlier errors.
CRITICAL WARNING: [IP_Flow 19-1747] Failed to deliver file 'e:/vivado/Vivado/2019.2/data/ip/xilinx/blk_mem_gen_v8_4/hdl/mem_init_file.xit': ERROR: [Common 17-39] 'ipgui::get_coe_val' failed due to earlier errors.

ERROR: [IP_Flow 19-167] Failed to deliver one or more file(s).
ERROR: [IP_Flow 19-3505] IP Generation error: Failed to generate IP 'inst_rom'. Failed to generate 'Vivado Verilog Simulation' outputs: 
ERROR: [IP_Flow 19-98] Generation of the IP CORE failed.
Failed to generate IP 'inst_rom'. Failed to generate 'Vivado Verilog Simulation' outputs: 
generate_target all [get_files E:/MiniMIPS32/CPU/MiniMIPS32.srcs/sources_1/ip/inst_rom/inst_rom.xci]
INFO: [IP_Flow 19-1686] Generating 'Instantiation Template' target for IP 'inst_rom'...
INFO: [IP_Flow 19-1686] Generating 'Synthesis' target for IP 'inst_rom'...
ERROR: [Ipptcl 7-519] NULL COE Data pointer: Unable to open the file 
ERROR: [Common 17-39] 'ipgui::get_coe_val' failed due to earlier errors.
CRITICAL WARNING: [IP_Flow 19-1747] Failed to deliver file 'e:/vivado/Vivado/2019.2/data/ip/xilinx/blk_mem_gen_v8_4/hdl/mem_init_file.xit': ERROR: [Common 17-39] 'ipgui::get_coe_val' failed due to earlier errors.

ERROR: [IP_Flow 19-167] Failed to deliver one or more file(s).
ERROR: [IP_Flow 19-3505] IP Generation error: Failed to generate IP 'inst_rom'. Failed to generate 'Vivado VHDL Synthesis' outputs: 
ERROR: [IP_Flow 19-98] Generation of the IP CORE failed.
Failed to generate IP 'inst_rom'. Failed to generate 'Vivado VHDL Synthesis' outputs: 
generate_target all [get_files E:/MiniMIPS32/CPU/MiniMIPS32.srcs/sources_1/ip/inst_rom/inst_rom.xci]
INFO: [IP_Flow 19-1686] Generating 'Synthesis' target for IP 'inst_rom'...
ERROR: [Ipptcl 7-519] NULL COE Data pointer: Unable to open the file 
ERROR: [Common 17-39] 'ipgui::get_coe_val' failed due to earlier errors.
CRITICAL WARNING: [IP_Flow 19-1747] Failed to deliver file 'e:/vivado/Vivado/2019.2/data/ip/xilinx/blk_mem_gen_v8_4/hdl/mem_init_file.xit': ERROR: [Common 17-39] 'ipgui::get_coe_val' failed due to earlier errors.

ERROR: [IP_Flow 19-167] Failed to deliver one or more file(s).
ERROR: [IP_Flow 19-3505] IP Generation error: Failed to generate IP 'inst_rom'. Failed to generate 'Vivado VHDL Synthesis' outputs: 
ERROR: [IP_Flow 19-98] Generation of the IP CORE failed.
Failed to generate IP 'inst_rom'. Failed to generate 'Vivado VHDL Synthesis' outputs: 
WARNING: [IP_Flow 19-4067] Ignoring invalid widget type specified checkbox.Providing a default widget
WARNING: [IP_Flow 19-4067] Ignoring invalid widget type specified checkbox.Providing a default widget
exit
INFO: [Common 17-206] Exiting Vivado at Tue Nov 12 12:32:53 2024...
